<?xml version="1.0" encoding="UTF-8"?>
<testng-results ignored="0" total="1" passed="1" failed="0" skipped="0">
  <reporter-output>
  </reporter-output>
  <suite started-at="2023-10-11T13:32:43 IST" name="Default suite" finished-at="2023-10-11T13:32:54 IST" duration-ms="10562">
    <groups>
    </groups>
    <test started-at="2023-10-11T13:32:43 IST" name="Default test" finished-at="2023-10-11T13:32:54 IST" duration-ms="10562">
      <class name="selenium_jenkins.Seleniumtest1">
        <test-method signature="method1()[pri:0, instance:selenium_jenkins.Seleniumtest1@3c77d488]" started-at="2023-10-11T13:32:43 IST" name="method1" finished-at="2023-10-11T13:32:54 IST" duration-ms="10469" status="PASS">
          <reporter-output>
          </reporter-output>
        </test-method> <!-- method1 -->
      </class> <!-- selenium_jenkins.Seleniumtest1 -->
    </test> <!-- Default test -->
  </suite> <!-- Default suite -->
</testng-results>
